2024-03-18 14:24:22,791 [INFO] Activator:176 - 


2024-03-18 14:24:22,791 [INFO] Activator:177 - !SESSION log4j initialized
2024-03-18 14:24:29,735 [INFO] LogOutputStream:77 - [STDOUT_REDIRECT] 
2024-03-18 14:24:52,059 [ERROR] LogOutputStream:75 - [STDERR_REDIRECT] SLF4J: Failed to load class "org.slf4j.impl.StaticLoggerBinder".
2024-03-18 14:24:52,059 [ERROR] LogOutputStream:75 - [STDERR_REDIRECT] SLF4J: Defaulting to no-operation (NOP) logger implementation
2024-03-18 14:24:52,059 [ERROR] LogOutputStream:75 - [STDERR_REDIRECT] SLF4J: See http://www.slf4j.org/codes.html#StaticLoggerBinder for further details.
2024-03-18 14:33:06,293 [INFO] ApplicationProperties:184 - Using Application install path: C:\ST\STM32CubeIDE_1.12.0\STM32CubeIDE\plugins\com.st.stm32cube.common.mx_6.8.0.202302231600
2024-03-18 14:33:06,317 [INFO] DbMcusXml:78 - Set database path to: C:\ST\STM32CubeIDE_1.12.0\STM32CubeIDE\plugins\com.st.stm32cube.common.mx_6.8.0.202302231600\\db\/mcu/
2024-03-18 14:33:06,317 [INFO] ApiDb:274 - Set plugin database path to: C:\ST\STM32CubeIDE_1.12.0\STM32CubeIDE\plugins\com.st.stm32cube.common.mx_6.8.0.202302231600\\db\/plugins/boardmanager/
2024-03-18 14:33:06,317 [WARN] ApiDb:259 - Overriding images path with different value:  => C:\ST\STM32CubeIDE_1.12.0\STM32CubeIDE\plugins\com.st.stm32cube.common.mx_6.8.0.202302231600\\db\/plugins/mcufinder/images/
2024-03-18 14:33:06,336 [INFO] ApiDb:250 - Set database path to: C:\Users\marcus\.stmcufinder\plugins\mcufinder//mcu/
2024-03-18 14:33:06,349 [INFO] DbMcusAds:125 - Set database path to: C:\Users\marcus\.stmcufinder\plugins\mcufinder//mcu/
2024-03-18 14:33:06,356 [INFO] CrossReferenceDbSqlite:203 - Set database path to: C:\Users\marcus\.stmcufinder\plugins\mcufinder//mcu/cs/
2024-03-18 14:33:06,482 [INFO] RulesReader:64 - Compatibility file has been processed (293 Rules)
2024-03-18 14:33:06,572 [INFO] DbMcusXml:78 - Set database path to: C:\ST\STM32CubeIDE_1.12.0\STM32CubeIDE\plugins\com.st.stm32cube.common.mx_6.8.0.202302231600\\db\/mcu/
2024-03-18 14:33:06,572 [INFO] ApiDb:274 - Set plugin database path to: C:\ST\STM32CubeIDE_1.12.0\STM32CubeIDE\plugins\com.st.stm32cube.common.mx_6.8.0.202302231600\\db\/plugins/boardmanager/
2024-03-18 14:33:06,572 [INFO] ApiDb:261 - Set plugin images path to: C:\ST\STM32CubeIDE_1.12.0\STM32CubeIDE\plugins\com.st.stm32cube.common.mx_6.8.0.202302231600\\db\/plugins/mcufinder/images/
2024-03-18 14:33:06,572 [WARN] DbFile:41 - Overriding database path with different value: C:\Users\marcus\.stmcufinder\plugins\mcufinder/ => C:\Users\marcus\.stmcufinder\plugins\mcufinder
2024-03-18 14:33:06,572 [INFO] ApiDb:250 - Set database path to: C:\Users\marcus\.stmcufinder\plugins\mcufinder//mcu/
2024-03-18 14:33:06,572 [WARN] DbFile:41 - Overriding database path with different value: C:\Users\marcus\.stmcufinder\plugins\mcufinder/ => C:\Users\marcus\.stmcufinder\plugins\mcufinder
2024-03-18 14:33:06,572 [INFO] DbMcusAds:125 - Set database path to: C:\Users\marcus\.stmcufinder\plugins\mcufinder//mcu/
2024-03-18 14:33:06,572 [WARN] DbFile:41 - Overriding database path with different value: C:\Users\marcus\.stmcufinder\plugins\mcufinder/ => C:\Users\marcus\.stmcufinder\plugins\mcufinder
2024-03-18 14:33:06,572 [WARN] DbFile:41 - Overriding database path with different value: C:\Users\marcus\.stmcufinder\plugins\mcufinder/ => C:\Users\marcus\.stmcufinder\plugins\mcufinder
2024-03-18 14:33:06,572 [INFO] CrossReferenceDbSqlite:203 - Set database path to: C:\Users\marcus\.stmcufinder\plugins\mcufinder//mcu/cs/
2024-03-18 14:33:06,666 [INFO] MainPanel:253 - HeapMemory: 577765376
2024-03-18 14:33:06,783 [INFO] DbMcusXml:78 - Set database path to: C:\ST\STM32CubeIDE_1.12.0\STM32CubeIDE\plugins\com.st.stm32cube.common.mx_6.8.0.202302231600\\db\/mcu/
2024-03-18 14:33:06,784 [INFO] ApiDb:274 - Set plugin database path to: C:\ST\STM32CubeIDE_1.12.0\STM32CubeIDE\plugins\com.st.stm32cube.common.mx_6.8.0.202302231600\\db\/plugins/boardmanager/
2024-03-18 14:33:06,784 [INFO] ApiDb:261 - Set plugin images path to: C:\ST\STM32CubeIDE_1.12.0\STM32CubeIDE\plugins\com.st.stm32cube.common.mx_6.8.0.202302231600\\db\/plugins/mcufinder/images/
2024-03-18 14:33:06,784 [WARN] DbFile:41 - Overriding database path with different value: C:\Users\marcus\.stmcufinder\plugins\mcufinder/ => C:\Users\marcus\.stmcufinder\plugins\mcufinder
2024-03-18 14:33:06,784 [INFO] ApiDb:250 - Set database path to: C:\Users\marcus\.stmcufinder\plugins\mcufinder//mcu/
2024-03-18 14:33:06,784 [WARN] DbFile:41 - Overriding database path with different value: C:\Users\marcus\.stmcufinder\plugins\mcufinder/ => C:\Users\marcus\.stmcufinder\plugins\mcufinder
2024-03-18 14:33:06,784 [INFO] DbMcusAds:125 - Set database path to: C:\Users\marcus\.stmcufinder\plugins\mcufinder//mcu/
2024-03-18 14:33:06,784 [WARN] DbFile:41 - Overriding database path with different value: C:\Users\marcus\.stmcufinder\plugins\mcufinder/ => C:\Users\marcus\.stmcufinder\plugins\mcufinder
2024-03-18 14:33:06,784 [WARN] DbFile:41 - Overriding database path with different value: C:\Users\marcus\.stmcufinder\plugins\mcufinder/ => C:\Users\marcus\.stmcufinder\plugins\mcufinder
2024-03-18 14:33:06,784 [INFO] CrossReferenceDbSqlite:203 - Set database path to: C:\Users\marcus\.stmcufinder\plugins\mcufinder//mcu/cs/
2024-03-18 14:33:06,800 [INFO] ApplicationProperties:184 - Using Application install path: C:\ST\STM32CubeIDE_1.12.0\STM32CubeIDE\plugins\com.st.stm32cube.common.mx_6.8.0.202302231600
2024-03-18 14:33:06,808 [INFO] PluginManage:196 - Search for loadable plugins [exclusion list=, ]
2024-03-18 14:33:06,808 [INFO] PluginManage:310 - Check plugin analytics
2024-03-18 14:33:07,003 [INFO] AnalyticsPlugin:253 - Accepted Software Licenses: STM32CubeMX.6.8.0
2024-03-18 14:33:07,003 [INFO] AnalyticsPlugin:255 - Accepted CMSIS Pack Licenses: 
2024-03-18 14:33:07,003 [INFO] AnalyticsPlugin:257 - Accepted Firmware Licenses: 
2024-03-18 14:33:07,019 [INFO] PluginManage:359 - Loaded plugin analytics (category:tool,tabindex:-1)
2024-03-18 14:33:07,019 [INFO] PluginManage:310 - Check plugin cadmodel
2024-03-18 14:33:07,041 [INFO] CADModel:105 - Init CAD model plugin
2024-03-18 14:33:07,042 [INFO] PluginManage:359 - Loaded plugin cadmodel (category:power,tabindex:5)
2024-03-18 14:33:07,042 [INFO] PluginManage:310 - Check plugin clock
2024-03-18 14:33:07,066 [INFO] PluginManage:359 - Loaded plugin clock (category:base,tabindex:2)
2024-03-18 14:33:07,067 [INFO] PluginManage:310 - Check plugin ddr
2024-03-18 14:33:07,067 [INFO] PluginManage:359 - Loaded plugin ddr (category:tool,tabindex:6)
2024-03-18 14:33:07,067 [INFO] PluginManage:310 - Check plugin filemanager
2024-03-18 14:33:07,200 [INFO] PluginManage:359 - Loaded plugin filemanager (category:base,tabindex:10)
2024-03-18 14:33:07,200 [INFO] PluginManage:310 - Check plugin ipmanager
2024-03-18 14:33:07,211 [INFO] PluginManage:359 - Loaded plugin ipmanager (category:base,tabindex:5)
2024-03-18 14:33:07,211 [INFO] PluginManage:310 - Check plugin lpbam
2024-03-18 14:33:07,224 [INFO] PluginManage:359 - Loaded plugin lpbam (category:base,tabindex:0)
2024-03-18 14:33:07,224 [INFO] PluginManage:310 - Check plugin pinoutandconfiguration
2024-03-18 14:33:07,243 [INFO] PluginManage:359 - Loaded plugin pinoutandconfiguration (category:base,tabindex:1)
2024-03-18 14:33:07,243 [INFO] PluginManage:310 - Check plugin pinoutconfig
2024-03-18 14:33:07,368 [WARN] SupportedApi:132 - Cannot load RTOS API schema: s4s-elt-must-match.1: The content of 'definitions' must match (annotation?, (simpleType | complexType)?, (unique | key | keyref)*)). A problem was found starting at: attribute.
2024-03-18 14:33:07,543 [INFO] PluginManage:359 - Loaded plugin pinoutconfig (category:base,tabindex:0)
2024-03-18 14:33:07,543 [INFO] PluginManage:310 - Check plugin power
2024-03-18 14:33:07,553 [INFO] PluginManage:359 - Loaded plugin power (category:power,tabindex:4)
2024-03-18 14:33:07,560 [INFO] PluginManage:310 - Check plugin projectmanager
2024-03-18 14:33:07,576 [INFO] PluginManage:359 - Loaded plugin projectmanager (category:projectmanager,tabindex:3)
2024-03-18 14:33:07,576 [INFO] PluginManage:310 - Check plugin thirdparty
2024-03-18 14:33:07,796 [INFO] PluginManage:359 - Loaded plugin thirdparty (category:base,tabindex:-1)
2024-03-18 14:33:07,796 [WARN] IntegrityCheckThread:84 - waiting for thirdparty lock release [integrity check]
2024-03-18 14:33:07,796 [INFO] PluginManage:310 - Check plugin tools
2024-03-18 14:33:07,796 [INFO] IntegrityCheckThread:86 - entering critical section [integrity check]
2024-03-18 14:33:07,806 [INFO] ThirdPartyUpdaterWithRetryManager:70 - Updater plugin not ready yet. [1/15]
2024-03-18 14:33:07,824 [INFO] PluginManage:359 - Loaded plugin tools (category:base,tabindex:7)
2024-03-18 14:33:07,824 [INFO] PluginManage:310 - Check plugin tutovideos
2024-03-18 14:33:08,087 [INFO] PluginManage:359 - Loaded plugin tutovideos (category:base,tabindex:-1)
2024-03-18 14:33:08,087 [INFO] PluginManage:310 - Check plugin updater
2024-03-18 14:33:08,104 [INFO] PluginManage:359 - Loaded plugin updater (category:base,tabindex:12)
2024-03-18 14:33:08,104 [INFO] PluginManage:283 - PluginManage : Loaded plugins [15]
2024-03-18 14:33:08,412 [INFO] PinOutPanel:1499 - setPackage(No Configuration,No Configuration)
2024-03-18 14:33:08,480 [INFO] CADModel:165 - CPN selected for project level
2024-03-18 14:33:08,480 [INFO] CADModel:114 - Register for checkConnection events
2024-03-18 14:33:08,496 [INFO] IPUIPlugin:80 - create IPUIPlugin
2024-03-18 14:33:08,496 [INFO] PluginManager:220 - loadIPPluginJar : add adc
2024-03-18 14:33:08,528 [INFO] IPUIPlugin:80 - create IPUIPlugin
2024-03-18 14:33:08,528 [INFO] PluginManager:220 - loadIPPluginJar : add aes
2024-03-18 14:33:08,560 [INFO] IPUIPlugin:80 - create IPUIPlugin
2024-03-18 14:33:08,560 [INFO] PluginManager:220 - loadIPPluginJar : add can
2024-03-18 14:33:08,576 [INFO] IPUIPlugin:80 - create IPUIPlugin
2024-03-18 14:33:08,576 [INFO] PluginManager:220 - loadIPPluginJar : add comp
2024-03-18 14:33:08,607 [INFO] IPUIPlugin:80 - create IPUIPlugin
2024-03-18 14:33:08,607 [INFO] PluginManager:220 - loadIPPluginJar : add cryp
2024-03-18 14:33:08,624 [INFO] IPUIPlugin:80 - create IPUIPlugin
2024-03-18 14:33:08,624 [INFO] PluginManager:220 - loadIPPluginJar : add dfsdm
2024-03-18 14:33:08,641 [INFO] IPUIPlugin:80 - create IPUIPlugin
2024-03-18 14:33:08,641 [INFO] PluginManager:220 - loadIPPluginJar : add dma
2024-03-18 14:33:08,666 [INFO] IPUIPlugin:80 - create IPUIPlugin
2024-03-18 14:33:08,666 [INFO] PluginManager:220 - loadIPPluginJar : add dma3
2024-03-18 14:33:08,682 [INFO] IPUIPlugin:80 - create IPUIPlugin
2024-03-18 14:33:08,682 [INFO] PluginManager:220 - loadIPPluginJar : add fatfs
2024-03-18 14:33:08,713 [INFO] IPUIPlugin:80 - create IPUIPlugin
2024-03-18 14:33:08,713 [INFO] PluginManager:220 - loadIPPluginJar : add fmc
2024-03-18 14:33:08,729 [INFO] IPUIPlugin:80 - create IPUIPlugin
2024-03-18 14:33:08,729 [INFO] PluginManager:220 - loadIPPluginJar : add freertos
2024-03-18 14:33:08,745 [INFO] IPUIPlugin:80 - create IPUIPlugin
2024-03-18 14:33:08,745 [INFO] PluginManager:220 - loadIPPluginJar : add genericplugin
2024-03-18 14:33:08,811 [INFO] IPUIPlugin:80 - create IPUIPlugin
2024-03-18 14:33:08,811 [INFO] PluginManager:220 - loadIPPluginJar : add gfxmmu
2024-03-18 14:33:08,889 [INFO] IPUIPlugin:80 - create IPUIPlugin
2024-03-18 14:33:08,889 [INFO] PluginManager:220 - loadIPPluginJar : add gic
2024-03-18 14:33:08,898 [INFO] IPUIPlugin:80 - create IPUIPlugin
2024-03-18 14:33:08,898 [INFO] PluginManager:220 - loadIPPluginJar : add gpio
2024-03-18 14:33:08,965 [INFO] IPUIPlugin:80 - create IPUIPlugin
2024-03-18 14:33:08,965 [INFO] PluginManager:220 - loadIPPluginJar : add gtzc
2024-03-18 14:33:08,983 [INFO] IPUIPlugin:80 - create IPUIPlugin
2024-03-18 14:33:08,983 [INFO] PluginManager:220 - loadIPPluginJar : add hash
2024-03-18 14:33:09,024 [INFO] IPUIPlugin:80 - create IPUIPlugin
2024-03-18 14:33:09,024 [INFO] PluginManager:220 - loadIPPluginJar : add i2c
2024-03-18 14:33:09,047 [INFO] IPUIPlugin:80 - create IPUIPlugin
2024-03-18 14:33:09,047 [INFO] PluginManager:220 - loadIPPluginJar : add i2s
2024-03-18 14:33:09,078 [INFO] IPUIPlugin:80 - create IPUIPlugin
2024-03-18 14:33:09,078 [INFO] PluginManager:220 - loadIPPluginJar : add i3c
2024-03-18 14:33:09,157 [INFO] IPUIPlugin:80 - create IPUIPlugin
2024-03-18 14:33:09,157 [INFO] PluginManager:220 - loadIPPluginJar : add ipddr
2024-03-18 14:33:09,221 [INFO] IPUIPlugin:80 - create IPUIPlugin
2024-03-18 14:33:09,221 [INFO] PluginManager:220 - loadIPPluginJar : add linkedlist
2024-03-18 14:33:09,248 [INFO] IPUIPlugin:80 - create IPUIPlugin
2024-03-18 14:33:09,248 [INFO] PluginManager:220 - loadIPPluginJar : add lorawan
2024-03-18 14:33:09,267 [INFO] IPUIPlugin:80 - create IPUIPlugin
2024-03-18 14:33:09,267 [INFO] PluginManager:220 - loadIPPluginJar : add ltdc
2024-03-18 14:33:09,284 [INFO] IPUIPlugin:80 - create IPUIPlugin
2024-03-18 14:33:09,284 [INFO] PluginManager:220 - loadIPPluginJar : add mdma
2024-03-18 14:33:09,284 [INFO] IPUIPlugin:80 - create IPUIPlugin
2024-03-18 14:33:09,284 [INFO] PluginManager:220 - loadIPPluginJar : add nvic
2024-03-18 14:33:09,316 [INFO] IPUIPlugin:80 - create IPUIPlugin
2024-03-18 14:33:09,316 [INFO] PluginManager:220 - loadIPPluginJar : add opamp
2024-03-18 14:33:09,348 [INFO] IPUIPlugin:80 - create IPUIPlugin
2024-03-18 14:33:09,359 [INFO] PluginManager:220 - loadIPPluginJar : add openamp
2024-03-18 14:33:09,379 [INFO] IPUIPlugin:80 - create IPUIPlugin
2024-03-18 14:33:09,379 [INFO] PluginManager:220 - loadIPPluginJar : add pdm2pcm
2024-03-18 14:33:09,398 [INFO] IPUIPlugin:80 - create IPUIPlugin
2024-03-18 14:33:09,398 [INFO] PluginManager:220 - loadIPPluginJar : add plateformsettings
2024-03-18 14:33:09,418 [INFO] IPUIPlugin:80 - create IPUIPlugin
2024-03-18 14:33:09,418 [INFO] PluginManager:220 - loadIPPluginJar : add quadspi
2024-03-18 14:33:09,426 [INFO] IPUIPlugin:80 - create IPUIPlugin
2024-03-18 14:33:09,426 [INFO] PluginManager:220 - loadIPPluginJar : add resmgrutility
2024-03-18 14:33:09,467 [INFO] IPUIPlugin:80 - create IPUIPlugin
2024-03-18 14:33:09,467 [INFO] PluginManager:220 - loadIPPluginJar : add sai
2024-03-18 14:33:09,490 [INFO] IPUIPlugin:80 - create IPUIPlugin
2024-03-18 14:33:09,490 [INFO] PluginManager:220 - loadIPPluginJar : add spi
2024-03-18 14:33:09,538 [INFO] IPUIPlugin:80 - create IPUIPlugin
2024-03-18 14:33:09,538 [INFO] PluginManager:220 - loadIPPluginJar : add stm32_wpan
2024-03-18 14:33:09,561 [INFO] IPUIPlugin:80 - create IPUIPlugin
2024-03-18 14:33:09,561 [INFO] PluginManager:220 - loadIPPluginJar : add tim
2024-03-18 14:33:09,601 [INFO] IPUIPlugin:80 - create IPUIPlugin
2024-03-18 14:33:09,601 [INFO] PluginManager:220 - loadIPPluginJar : add touchsensing
2024-03-18 14:33:09,616 [INFO] IPUIPlugin:80 - create IPUIPlugin
2024-03-18 14:33:09,616 [INFO] PluginManager:220 - loadIPPluginJar : add tracer_emb
2024-03-18 14:33:09,632 [INFO] IPUIPlugin:80 - create IPUIPlugin
2024-03-18 14:33:09,632 [INFO] PluginManager:220 - loadIPPluginJar : add ts
2024-03-18 14:33:09,659 [INFO] IPUIPlugin:80 - create IPUIPlugin
2024-03-18 14:33:09,659 [INFO] PluginManager:220 - loadIPPluginJar : add tsc
2024-03-18 14:33:09,664 [INFO] IPUIPlugin:80 - create IPUIPlugin
2024-03-18 14:33:09,664 [INFO] PluginManager:220 - loadIPPluginJar : add ucpd
2024-03-18 14:33:09,699 [INFO] IPUIPlugin:80 - create IPUIPlugin
2024-03-18 14:33:09,699 [INFO] PluginManager:220 - loadIPPluginJar : add usart
2024-03-18 14:33:09,737 [INFO] IPUIPlugin:80 - create IPUIPlugin
2024-03-18 14:33:09,737 [INFO] PluginManager:220 - loadIPPluginJar : add usbx
2024-03-18 14:33:09,856 [INFO] CADModel:165 - CPN selected for project level
2024-03-18 14:33:09,856 [INFO] CADModel:114 - Register for checkConnection events
2024-03-18 14:33:09,856 [FATAL] Updater:308 - Updater called before beeing initialized
2024-03-18 14:33:09,856 [ERROR] CADModel:125 - Updater not yet initialized, retry later 
2024-03-18 14:33:10,093 [INFO] CADModel:165 - CPN selected for project level
2024-03-18 14:33:10,093 [INFO] CADModel:114 - Register for checkConnection events
2024-03-18 14:33:10,093 [FATAL] Updater:308 - Updater called before beeing initialized
2024-03-18 14:33:10,093 [ERROR] CADModel:125 - Updater not yet initialized, retry later 
2024-03-18 14:33:10,096 [FATAL] Updater:308 - Updater called before beeing initialized
2024-03-18 14:33:10,208 [FATAL] Updater:308 - Updater called before beeing initialized
2024-03-18 14:33:10,223 [INFO] DbMcusAds:53 - JSON generation date=Tue Mar 07 09:50:55 CET 2023 (1678179055335)
2024-03-18 14:33:10,224 [FATAL] Updater:308 - Updater called before beeing initialized
2024-03-18 14:33:10,272 [WARN] DetailPanel:346 - Failed to get advertising image, set to default
2024-03-18 14:33:10,380 [FATAL] Updater:308 - Updater called before beeing initialized
2024-03-18 14:33:10,380 [FATAL] Updater:308 - Updater called before beeing initialized
2024-03-18 14:33:10,380 [FATAL] Updater:308 - Updater called before beeing initialized
2024-03-18 14:33:10,383 [WARN] DetailPanel:346 - Failed to get advertising image, set to default
2024-03-18 14:33:10,384 [FATAL] Updater:308 - Updater called before beeing initialized
2024-03-18 14:33:10,448 [ERROR] Updater:1120 - MainUpdater not yet initialized. External WinMGr cannot be set.
2024-03-18 14:33:10,471 [INFO] Updater:1056 - Updater Version found : 6.8.0
2024-03-18 14:33:10,490 [INFO] ApplicationProperties:184 - Using Application install path: C:\ST\STM32CubeIDE_1.12.0\STM32CubeIDE\plugins\com.st.stm32cube.common.mx_6.8.0.202302231600
2024-03-18 14:33:10,672 [INFO] MainUpdater:2854 - connection check result : 10
2024-03-18 14:33:10,672 [INFO] MainUpdater:283 - Updater Check For Update Now.
2024-03-18 14:33:10,672 [INFO] MicroXplorer:498 - Change Database Version : DB.6.0.80
2024-03-18 14:33:10,808 [WARN] MainUpdater:1187 - Updater busy. Cannot search thirdparties
2024-03-18 14:33:10,809 [INFO] ThirdPartyUpdaterWithRetryManager:96 - Updater plugin is busy. [1/15]
2024-03-18 14:33:10,887 [INFO] CheckServerUpdateThread:120 - End of CheckServer Thread
2024-03-18 14:33:10,935 [INFO] MainUpdater:2854 - connection check result : 10
2024-03-18 14:33:10,942 [INFO] MainUpdater:2854 - connection check result : 10
2024-03-18 14:33:11,110 [INFO] MicroXplorer:468 - Change Database Path : 
2024-03-18 14:33:11,110 [INFO] MicroXplorer:498 - Change Database Version : DB.6.0.80
2024-03-18 14:33:11,110 [WARN] ThirdParty:871 - waiting for thirdparty lock release [close project]
2024-03-18 14:33:13,936 [WARN] PackLoader:240 - Cannot read IP mode file for STMicroelectronics.X-CUBE-SMBUS.2.1.0
2024-03-18 14:33:13,952 [WARN] PackLoader:240 - Cannot read IP mode file for STMicroelectronics.X-CUBE-TOUCHGFX.4.23.0
2024-03-18 14:33:13,988 [WARN] PackLoader:240 - Cannot read IP mode file for STMicroelectronics.X-CUBE-AZRTOS-F7.1.1.0
2024-03-18 14:33:14,016 [WARN] PackLoader:240 - Cannot read IP mode file for STMicroelectronics.FP-SNS-MOTENV1.4.3.2
2024-03-18 14:33:14,044 [WARN] PackLoader:240 - Cannot read IP mode file for STMicroelectronics.X-CUBE-BLE1.6.2.4
2024-03-18 14:33:14,048 [WARN] PackLoader:240 - Cannot read IP mode file for STMicroelectronics.FP-SNS-FLIGHT1.5.0.2
2024-03-18 14:33:14,063 [WARN] PackLoader:240 - Cannot read IP mode file for STMicroelectronics.X-CUBE-DISPLAY.3.0.0
2024-03-18 14:33:14,080 [WARN] PackLoader:240 - Cannot read IP mode file for STMicroelectronics.X-CUBE-BLE1.7.0.0
2024-03-18 14:33:14,096 [WARN] PackLoader:240 - Cannot read IP mode file for STMicroelectronics.X-CUBE-BLEMGR.3.1.0
2024-03-18 14:33:14,111 [WARN] PackLoader:240 - Cannot read IP mode file for STMicroelectronics.FP-SNS-SMARTAG2.1.2.0
2024-03-18 14:33:14,129 [INFO] LogOutputStream:77 - [STDOUT_REDIRECT] 1 : Invalid condition id : UX_CORESTACK_Condition cause : null
2024-03-18 14:33:14,129 [INFO] LogOutputStream:77 - [STDOUT_REDIRECT] 1 : Invalid condition id : UX_CORESTACK_Condition cause : null
2024-03-18 14:33:14,129 [INFO] LogOutputStream:77 - [STDOUT_REDIRECT] 1 : Invalid condition id : UX_CORESTACK_Condition cause : null
2024-03-18 14:33:14,129 [INFO] LogOutputStream:77 - [STDOUT_REDIRECT] 1 : Invalid condition id : UX_CORESTACK_Condition cause : null
2024-03-18 14:33:14,129 [INFO] LogOutputStream:77 - [STDOUT_REDIRECT] 1 : Invalid condition id : UX_CORESTACK_Condition cause : null
2024-03-18 14:33:14,140 [WARN] PackLoader:240 - Cannot read IP mode file for STMicroelectronics.X-CUBE-AZRTOS-WL.2.0.0
2024-03-18 14:33:14,144 [WARN] PackLoader:240 - Cannot read IP mode file for WES.I-CUBE-Cesium.1.3.0
2024-03-18 14:33:14,160 [WARN] PackLoader:240 - Cannot read IP mode file for STMicroelectronics.X-CUBE-BLE2.3.3.0
2024-03-18 14:33:14,172 [WARN] PackLoader:240 - Cannot read IP mode file for STMicroelectronics.X-CUBE-TOUCHGFX.4.21.3
2024-03-18 14:33:14,182 [WARN] PackLoader:240 - Cannot read IP mode file for STMicroelectronics.X-CUBE-ALGOBUILD.1.3.0
2024-03-18 14:33:14,209 [WARN] PackLoader:240 - Cannot read IP mode file for STMicroelectronics.X-CUBE-AZRTOS-G0.1.1.0
2024-03-18 14:33:14,223 [WARN] PackLoader:240 - Cannot read IP mode file for STMicroelectronics.X-CUBE-NFC4.3.0.0
2024-03-18 14:33:14,235 [WARN] PackLoader:240 - Cannot read IP mode file for STMicroelectronics.X-CUBE-BLEMGR.3.0.0
2024-03-18 14:33:14,240 [WARN] PackLoader:240 - Cannot read IP mode file for STMicroelectronics.FP-ATR-SIGFOX1.3.2.0
2024-03-18 14:33:14,256 [WARN] PackLoader:240 - Cannot read IP mode file for STMicroelectronics.X-CUBE-EEPRMA1.5.1.0
2024-03-18 14:33:14,304 [WARN] PackLoader:240 - Cannot read IP mode file for STMicroelectronics.X-CUBE-MEMS1.9.5.0
2024-03-18 14:33:14,914 [WARN] PackLoader:240 - Cannot read IP mode file for SEGGER.I-CUBE-embOS.1.3.1
2024-03-18 14:33:14,978 [WARN] PackLoader:240 - Cannot read IP mode file for STMicroelectronics.X-CUBE-GNSS1.6.0.0
2024-03-18 14:33:15,024 [WARN] PackLoader:240 - Cannot read IP mode file for STMicroelectronics.X-CUBE-AZRTOS-F4.1.1.0
2024-03-18 14:33:15,025 [WARN] PackLoader:240 - Cannot read IP mode file for wolfSSL.I-CUBE-wolfSSL.5.6.0
2024-03-18 14:33:15,057 [WARN] PackLoader:240 - Cannot read IP mode file for STMicroelectronics.X-CUBE-AZRTOS-L5.2.0.0
2024-03-18 14:33:15,072 [WARN] PackLoader:240 - Cannot read IP mode file for ITTIA_DB.I-CUBE-ITTIADB.8.8.0
2024-03-18 14:33:15,072 [WARN] PackLoader:240 - Cannot read IP mode file for emotas.I-CUBE-CANOPEN.1.1.3
2024-03-18 14:33:15,088 [WARN] PackLoader:240 - Cannot read IP mode file for STMicroelectronics.X-CUBE-BLEMGR.2.0.0
2024-03-18 14:33:15,106 [WARN] PackLoader:240 - Cannot read IP mode file for STMicroelectronics.X-CUBE-NFC7.1.0.1
2024-03-18 14:33:15,120 [WARN] PackLoader:240 - Cannot read IP mode file for STMicroelectronics.X-CUBE-NFC7.1.0.0
2024-03-18 14:33:15,136 [WARN] PackLoader:240 - Cannot read IP mode file for STMicroelectronics.X-CUBE-NFC6.3.0.0
2024-03-18 14:33:15,151 [WARN] PackLoader:240 - Cannot read IP mode file for STMicroelectronics.X-CUBE-EEPRMA1.4.1.0
2024-03-18 14:33:15,152 [WARN] PackLoader:240 - Cannot read IP mode file for STMicroelectronics.X-CUBE-AI.8.1.0
2024-03-18 14:33:15,168 [WARN] ConditionMgr:438 - getConditionDescription Invalid condition id : LAN8742 Phy interface Condition cause : null
2024-03-18 14:33:15,183 [WARN] PackLoader:240 - Cannot read IP mode file for STMicroelectronics.X-CUBE-AZRTOS-L4.2.0.0
2024-03-18 14:33:15,184 [WARN] ConditionMgr:1039 - genDependencies : Invalid condition id : LAN8742 Phy interface Condition cause : null
2024-03-18 14:33:15,184 [WARN] ConditionMgr:1039 - genDependencies : Invalid condition id : LAN8742 Phy interface Condition cause : null
2024-03-18 14:33:15,184 [WARN] ConditionMgr:1039 - genDependencies : Invalid condition id : LAN8742 Phy interface Condition cause : null
2024-03-18 14:33:15,184 [WARN] PackLoader:240 - Cannot read IP mode file for STMicroelectronics.X-CUBE-SFXS2LP1.4.0.0
2024-03-18 14:33:15,216 [WARN] PackLoader:240 - Cannot read IP mode file for STMicroelectronics.X-CUBE-AZRTOS-H7.3.0.0
2024-03-18 14:33:15,232 [WARN] PackLoader:240 - Cannot read IP mode file for STMicroelectronics.X-CUBE-ISPU.1.1.0
2024-03-18 14:33:15,248 [WARN] PackLoader:240 - Cannot read IP mode file for STMicroelectronics.X-CUBE-AI.8.0.0
2024-03-18 14:33:15,264 [WARN] ConditionMgr:438 - getConditionDescription Invalid condition id : UX DEVICE CLASS RTOS Condition cause : null
2024-03-18 14:33:15,264 [WARN] ConditionMgr:438 - getConditionDescription Invalid condition id : UX DEVICE CLASS RTOS Condition cause : null
2024-03-18 14:33:15,264 [WARN] PackLoader:240 - Cannot read IP mode file for STMicroelectronics.X-CUBE-AZRTOS-WB.2.0.0
2024-03-18 14:33:15,264 [WARN] ConditionMgr:1039 - genDependencies : Invalid condition id : UX DEVICE CLASS RTOS Condition cause : null
2024-03-18 14:33:15,264 [WARN] ConditionMgr:1039 - genDependencies : Invalid condition id : UX DEVICE CLASS RTOS Condition cause : null
2024-03-18 14:33:15,264 [WARN] ConditionMgr:1039 - genDependencies : Invalid condition id : UX DEVICE CLASS RTOS Condition cause : null
2024-03-18 14:33:15,264 [WARN] ConditionMgr:1039 - genDependencies : Invalid condition id : UX DEVICE CLASS RTOS Condition cause : null
2024-03-18 14:33:15,264 [WARN] ConditionMgr:1039 - genDependencies : Invalid condition id : UX DEVICE CLASS RTOS Condition cause : null
2024-03-18 14:33:15,280 [WARN] PackLoader:240 - Cannot read IP mode file for STMicroelectronics.X-CUBE-FREERTOS.1.0.0
2024-03-18 14:33:15,296 [WARN] PackLoader:240 - Cannot read IP mode file for STMicroelectronics.X-CUBE-AZRTOS-L5.1.1.0
2024-03-18 14:33:15,312 [WARN] PackLoader:240 - Cannot read IP mode file for STMicroelectronics.X-CUBE-SUBG2.5.0.0
2024-03-18 14:33:15,344 [WARN] PackLoader:240 - Cannot read IP mode file for STMicroelectronics.X-CUBE-AZRTOS-G4.2.0.0
2024-03-18 14:33:15,376 [WARN] PackLoader:240 - Cannot read IP mode file for STMicroelectronics.X-CUBE-TOF1.3.3.0
2024-03-18 14:33:15,392 [WARN] PackLoader:240 - Cannot read IP mode file for STMicroelectronics.FP-ATR-ASTRA1.1.1.1
2024-03-18 14:33:15,418 [WARN] PackLoader:240 - Cannot read IP mode file for Infineon.AIROC-Wi-Fi-Bluetooth-STM32.1.5.1
2024-03-18 14:33:15,425 [WARN] PackLoader:240 - Cannot read IP mode file for STMicroelectronics.FP-SNS-MOTENVWB1.1.3.1
2024-03-18 14:33:15,456 [WARN] PackLoader:240 - Cannot read IP mode file for STMicroelectronics.X-CUBE-AZRTOS-G4.1.0.0
2024-03-18 14:33:15,488 [WARN] PackLoader:240 - Cannot read IP mode file for STMicroelectronics.X-CUBE-AZRTOS-L4.1.0.0
2024-03-18 14:33:15,506 [WARN] PackLoader:240 - Cannot read IP mode file for STMicroelectronics.X-CUBE-ISPU.2.0.0
2024-03-18 14:33:15,600 [WARN] PackLoader:240 - Cannot read IP mode file for STMicroelectronics.X-CUBE-MEMS1.10.0.0
2024-03-18 14:33:15,776 [WARN] PackLoader:240 - Cannot read IP mode file for STMicroelectronics.X-CUBE-FREERTOS.1.1.0
2024-03-18 14:33:15,824 [WARN] PackLoader:240 - Cannot read IP mode file for STMicroelectronics.X-CUBE-AZRTOS-WL.1.0.0
2024-03-18 14:33:15,843 [WARN] PackLoader:240 - Cannot read IP mode file for portGmbH.I-Cube-SoM-uGOAL.1.1.0
2024-03-18 14:33:15,856 [WARN] PackLoader:240 - Cannot read IP mode file for STMicroelectronics.X-CUBE-ALS.1.0.1
2024-03-18 14:33:15,888 [WARN] PackLoader:240 - Cannot read IP mode file for STMicroelectronics.X-CUBE-AZRTOS-WB.1.1.0
2024-03-18 14:33:15,930 [WARN] PackLoader:240 - Cannot read IP mode file for STMicroelectronics.FP-ATR-ASTRA1.2.0.0
2024-03-18 14:33:15,952 [WARN] PackLoader:240 - Cannot read IP mode file for STMicroelectronics.X-CUBE-TOF1.3.4.0
2024-03-18 14:33:15,977 [WARN] PackLoader:240 - Cannot read IP mode file for STMicroelectronics.X-CUBE-TOF1.3.4.1
2024-03-18 14:33:16,017 [WARN] PackLoader:240 - Cannot read IP mode file for STMicroelectronics.X-CUBE-AZRTOS-H7.3.2.0
2024-03-18 14:33:16,017 [INFO] ThirdParty:978 - Integrity check success = true
2024-03-18 14:33:16,017 [INFO] IntegrityCheckThread:100 - exiting critical section [integrity check]
2024-03-18 14:33:16,017 [INFO] IntegrityCheckThread:103 - End integrity checks thread
2024-03-18 14:33:16,017 [INFO] ThirdParty:873 - entering critical section [close project]
2024-03-18 14:33:16,034 [INFO] ThirdParty:883 - exiting critical section [close project]
2024-03-18 14:33:16,071 [INFO] PinOutPanel:1499 - setPackage(No Configuration,No Configuration)
2024-03-18 14:33:16,095 [INFO] UtilMem:75 - Begin LoadConfig() Used Memory: 521144448 Bytes (577765376)
2024-03-18 14:33:16,096 [INFO] MicroXplorer:468 - Change Database Path : C:/Users/marcus/.stm32cubemx/databases/DB.6.0.30/db/
2024-03-18 14:33:16,096 [INFO] MicroXplorer:498 - Change Database Version : DB.6.0.30
2024-03-18 14:33:18,992 [INFO] OpenFileManager:308 - Change cursor
2024-03-18 14:33:19,038 [INFO] Mcu:1937 - Initializing MCU STM32L011K(3-4)Ux STM32L011K4Ux STM32L011K4U3
2024-03-18 14:33:19,915 [INFO] Context:659 - Trying to add GPIOservice into a context  which must be forbidden
2024-03-18 14:33:20,559 [INFO] RtosManager:555 - Registered RTOS mode: class=CMSIS, group=RTOS, mode=CMSIS_V1, owner=FREERTOS
2024-03-18 14:33:20,559 [INFO] RtosManager:555 - Registered RTOS mode: class=CMSIS, group=RTOS2, mode=CMSIS_V2, owner=FREERTOS
2024-03-18 14:33:20,559 [INFO] RtosManager:555 - Registered RTOS mode: class=RTOS, group=Core, mode=CMSIS_V1, owner=FREERTOS
2024-03-18 14:33:20,559 [INFO] RtosManager:555 - Registered RTOS mode: class=RTOS, group=Core, mode=CMSIS_V2, owner=FREERTOS
2024-03-18 14:33:20,559 [WARN] ModelIntegratedComponent:184 - Missing modes for component STMicroelectronics:FreeRTOS:0.0.1:STMicroelectronics:RTOS:FreeRTOS:Core:::10.2.0:
2024-03-18 14:33:20,591 [WARN] ModelIntegratedComponent:63 - No mode defined for component null
2024-03-18 14:33:20,591 [WARN] ModelIntegratedComponent:63 - No mode defined for component null
2024-03-18 14:33:20,591 [WARN] ModelIntegratedComponent:63 - No mode defined for component null
2024-03-18 14:33:20,591 [WARN] ModelIntegratedComponent:63 - No mode defined for component null
2024-03-18 14:33:20,591 [WARN] ModelIntegratedComponent:63 - No mode defined for component null
2024-03-18 14:33:20,591 [WARN] ModelIntegratedComponent:63 - No mode defined for component null
2024-03-18 14:33:20,591 [WARN] ModelIntegratedComponent:63 - No mode defined for component null
2024-03-18 14:33:20,591 [WARN] ModelIntegratedComponent:63 - No mode defined for component null
2024-03-18 14:33:20,591 [WARN] ModelIntegratedComponent:63 - No mode defined for component null
2024-03-18 14:33:20,591 [WARN] ModelIntegratedComponent:63 - No mode defined for component null
2024-03-18 14:33:20,591 [WARN] ModelIntegratedComponent:63 - No mode defined for component null
2024-03-18 14:33:20,591 [WARN] ModelIntegratedComponent:63 - No mode defined for component null
2024-03-18 14:33:20,591 [WARN] ModelIntegratedComponent:63 - No mode defined for component null
2024-03-18 14:33:20,591 [WARN] ModelIntegratedComponent:63 - No mode defined for component null
2024-03-18 14:33:20,591 [WARN] ModelIntegratedComponent:63 - No mode defined for component null
2024-03-18 14:33:20,591 [WARN] ModelIntegratedComponent:63 - No mode defined for component null
2024-03-18 14:33:20,591 [WARN] ModelIntegratedComponent:63 - No mode defined for component null
2024-03-18 14:33:20,591 [WARN] ModelIntegratedComponent:63 - No mode defined for component null
2024-03-18 14:33:20,591 [WARN] ModelIntegratedComponent:63 - No mode defined for component null
2024-03-18 14:33:20,591 [WARN] ModelIntegratedComponent:63 - No mode defined for component null
2024-03-18 14:33:20,591 [WARN] ModelIntegratedComponent:63 - No mode defined for component null
2024-03-18 14:33:20,591 [WARN] ModelIntegratedComponent:63 - No mode defined for component null
2024-03-18 14:33:20,591 [WARN] ModelIntegratedComponent:63 - No mode defined for component null
2024-03-18 14:33:20,591 [WARN] ModelIntegratedComponent:63 - No mode defined for component null
2024-03-18 14:33:20,591 [WARN] ModelIntegratedComponent:63 - No mode defined for component null
2024-03-18 14:33:20,604 [WARN] ModelIntegratedComponent:63 - No mode defined for component null
2024-03-18 14:33:20,604 [WARN] ModelIntegratedComponent:63 - No mode defined for component null
2024-03-18 14:33:20,604 [WARN] ModelIntegratedComponent:63 - No mode defined for component null
2024-03-18 14:33:20,604 [WARN] ModelIntegratedComponent:63 - No mode defined for component null
2024-03-18 14:33:20,604 [WARN] ModelIntegratedComponent:63 - No mode defined for component null
2024-03-18 14:33:20,606 [WARN] ModelIntegratedComponent:63 - No mode defined for component null
2024-03-18 14:33:20,607 [WARN] ModelIntegratedComponent:63 - No mode defined for component null
2024-03-18 14:33:20,607 [WARN] ModelIntegratedComponent:63 - No mode defined for component null
2024-03-18 14:33:20,991 [INFO] ThirdPartyModel:298 - Start build external matchings
2024-03-18 14:33:21,619 [INFO] ThirdPartyModel:316 - End build external matchings
2024-03-18 14:33:21,667 [INFO] ImportTextPane:194 - (OptionalMessage_ERROR) IP (DMA) : Parameter (Instance) has Id (SPI1_TX) currently not set
2024-03-18 14:33:21,667 [INFO] ImportTextPane:194 - (OptionalMessage_ERROR) IP (DMA) : Parameter (Request) has Id (SPI1_TX) currently not set
2024-03-18 14:33:21,667 [INFO] ImportTextPane:194 - (OptionalMessage_ERROR) IP (DMA) : Parameter (Direction) has Id (SPI1_TX) currently not set
2024-03-18 14:33:21,667 [INFO] ImportTextPane:194 - (OptionalMessage_ERROR) IP (DMA) : Parameter (PeriphInc) has Id (SPI1_TX) currently not set
2024-03-18 14:33:21,667 [INFO] ImportTextPane:194 - (OptionalMessage_ERROR) IP (DMA) : Parameter (MemInc) has Id (SPI1_TX) currently not set
2024-03-18 14:33:21,667 [INFO] ImportTextPane:194 - (OptionalMessage_ERROR) IP (DMA) : Parameter (PeriphDataAlignment) has Id (SPI1_TX) currently not set
2024-03-18 14:33:21,667 [INFO] ImportTextPane:194 - (OptionalMessage_ERROR) IP (DMA) : Parameter (MemDataAlignment) has Id (SPI1_TX) currently not set
2024-03-18 14:33:21,667 [INFO] ImportTextPane:194 - (OptionalMessage_ERROR) IP (DMA) : Parameter (Mode) has Id (SPI1_TX) currently not set
2024-03-18 14:33:21,667 [INFO] ImportTextPane:194 - (OptionalMessage_ERROR) IP (DMA) : Parameter (Priority) has Id (SPI1_TX) currently not set
2024-03-18 14:33:21,683 [INFO] ImportTextPane:194 - (OptionalMessage_ERROR) IP (RCC) : Invalid parameter (FamilyName)
2024-03-18 14:33:21,699 [INFO] ImportTextPane:194 - (OptionalMessage_ERROR) IP (RCC) : Parameter (RTCHSEDivFreq_Value) has invalid value (4000000)
2024-03-18 14:33:21,699 [INFO] ImportTextPane:194 - (OptionalMessage_ERROR) IP (RCC) : Invalid parameter (TIMFreq_Value)
2024-03-18 14:33:22,271 [INFO] UtilMem:75 - End LoadConfig() Used Memory: 518310872 Bytes (577765376)
2024-03-18 14:33:22,557 [INFO] ApiDb:581 - Connected to CubeFinder SQLite database (C:\Users\marcus\.stmcufinder\plugins\mcufinder\mcu\cube-finder-db.db)
2024-03-18 14:33:22,639 [INFO] ApiDb:668 - CubeFinder database Data Model version=2.1
2024-03-18 14:33:22,639 [INFO] ApiDb:669 - CubeFinder database Configuration version=3.0.35
2024-03-18 14:33:22,639 [INFO] ApiDb:670 - CubeFinder database generation date=2023-02-21 (1676964986)
2024-03-18 14:33:22,639 [INFO] ApiDb:671 - CubeFinder database FW Pack versions=[FP-ATR-ASTRA1_V1.1.1, STM32Cube_FW_C0_V1.0.1, STM32Cube_FW_F0_V1.11.4, STM32Cube_FW_F3_V1.11.4, STM32Cube_FW_F4_V1.27.1, STM32Cube_FW_F7_V1.17.0, STM32Cube_FW_G0_V1.6.1, STM32Cube_FW_G4_V1.5.1, STM32Cube_FW_H5_V0.5.1, STM32Cube_FW_H5_V1.0.0, STM32Cube_FW_H7_V1.11.0, STM32Cube_FW_L0_V1.12.2, STM32Cube_FW_L5_V1.5.0, STM32Cube_FW_U5_V1.2.0, STM32Cube_FW_WBA_V1.0.0, STM32Cube_FW_WBA_V1.0.0RC1, STM32Cube_FW_WBA_V1.0.0RC3, STM32Cube_FW_WB_V1.15.0RC1, STM32Cube_FW_WB_V1.16.0, STM32Cube_FW_WB_V1.16.0RC2, STM32Cube_FW_WL_V1.3.0, X-CUBE-ALGOBUILD_V1.3.0, X-CUBE-ALS_V1.0.1, X-CUBE-AZRTOS-F4_V1.1.0, X-CUBE-AZRTOS-F7_V1.1.0, X-CUBE-AZRTOS-G0_V1.1.0, X-CUBE-AZRTOS-G4_V1.0.0, X-CUBE-AZRTOS-H7_V3.0.0, X-CUBE-AZRTOS-L4_V1.0.0, X-CUBE-AZRTOS-L5_V1.1.0, X-CUBE-AZRTOS-WB_V1.1.0, X-CUBE-AZRTOS-WL_V1.0.0, X-CUBE-BLE1_V6.2.4, X-CUBE-BLE2_V3.3.0, X-CUBE-BLEMGR_V1.3.0, X-CUBE-EEPRMA1_V4.1.0, X-CUBE-GNSS1_V6.0.0, X-CUBE-MEMS1_V9.1.0, X-CUBE-MEMS1_V9.4.0, X-CUBE-MEMS1_V9.5.0, X-CUBE-NFC4_V3.0.0, X-CUBE-NFC7_V1.0.0, X-CUBE-SFXS2LP1_V4.0.0, X-CUBE-SUBG2_V5.0.0]
2024-03-18 14:33:24,351 [INFO] ApiDb:240 - Found 297 in-development CPN: [B-G473E-ZEST1S, B-WB1M-WPAN1, B-WL5M-SUBG1, NUCLEO-C031C6, NUCLEO-H503RB, NUCLEO-H563ZI, NUCLEO-U545RE-Q, NUCLEO-U5A5ZJ-Q, NUCLEO-WBA52CG, STEVAL-PROTEUS1, STEVAL-STWINBX1, STM320518-EVAL, STM32C0116-DK, STM32C011D6Y3TR, STM32C011D6Y6TR, STM32C011F4P3, STM32C011F4P6, STM32C011F4U3, STM32C011F4U6TR, STM32C011F6P3, STM32C011F6P6, STM32C011F6U3, STM32C011F6U6TR, STM32C011J4M3, STM32C011J4M6, STM32C011J6M3, STM32C011J6M6, STM32C0316-DK, STM32C031C4T3, STM32C031C4T6, STM32C031C4U3, STM32C031C4U6, STM32C031C6T3, STM32C031C6T6, STM32C031C6U3, STM32C031C6U6, STM32C031F4P3, STM32C031F4P6, STM32C031F6P3, STM32C031F6P6, STM32C031G4U3, STM32C031G4U6, STM32C031G6U3, STM32C031G6U6, STM32C031K4T3, STM32C031K4T6, STM32C031K4U3, STM32C031K4U6, STM32C031K6T3, STM32C031K6T6, STM32C031K6U3, STM32C031K6U6, STM32G071K8TXN, STM32G071K8UXN, STM32G081GBU6N, STM32G081KBT6N, STM32G081KBUXN, STM32G0B1CCT6N, STM32G0B1KCT6, STM32G0B1NEY6TR, STM32G0B1RCT6N, STM32G0C1CCT6, STM32G0C1CCT6N, STM32G0C1CCU6N, STM32G0C1CET6N, STM32G0C1CEU6N, STM32G0C1KCT6, STM32G0C1NEY6TR, STM32G0C1RCI6N, STM32G0C1RCT6N, STM32G0C1REI6N, STM32G0C1RET6N, STM32G0C1VCI6, STM32G0C1VEI6, STM32G471CCT6, STM32G471CCU6, STM32G471CET3, STM32G471CET6, STM32G471CEU3, STM32G471CEU6, STM32G471MCT6, STM32G471MET3, STM32G471MET6, STM32G471MEY6TR, STM32G471QCT6, STM32G471QET3, STM32G471RCT6, STM32G471RET3, STM32G471RET6, STM32G471VCH6, STM32G471VCI6, STM32G471VCT6, STM32G471VEH3, STM32G471VEH6, STM32G471VEI3, STM32G471VEI6, STM32G471VET3, STM32G471VET6, STM32G474CCT6, STM32H503CBT6, STM32H503CBU6, STM32H503EBY6TR, STM32H503KBU6, STM32H503RBT6, STM32H562AGI6, STM32H562AII6, STM32H562IGK6, STM32H562IGT6, STM32H562IIK6, STM32H562IIT6, STM32H562RGT6, STM32H562RGV6, STM32H562RIT6, STM32H562RIV6, STM32H562VGT6, STM32H562VIT6, STM32H562ZGT6, STM32H562ZIT6, STM32H563AGI6, STM32H563AII3Q, STM32H563AII6, STM32H563IGK6, STM32H563IGT6, STM32H563IIK3Q, STM32H563IIK6, STM32H563IIT3Q, STM32H563IIT6, STM32H563MIY3QTR, STM32H563RGT6, STM32H563RGV6, STM32H563RIT6, STM32H563RIV6, STM32H563VGT6, STM32H563VIT3Q, STM32H563VIT6, STM32H563ZGT6, STM32H563ZIT3Q, STM32H563ZIT6, STM32H573AII3Q, STM32H573AII6, STM32H573I-DK, STM32H573IIK3Q, STM32H573IIK6, STM32H573IIT3Q, STM32H573IIT6, STM32H573MIY3QTR, STM32H573RIT6, STM32H573RIV6, STM32H573VIT3Q, STM32H573VIT6, STM32H573ZIT3Q, STM32H573ZIT6, STM32L4R5QGI6STR, STM32MP131AAE3, STM32MP131AAF3, STM32MP131AAG3, STM32MP131CAE3, STM32MP131CAF3, STM32MP131CAG3, STM32MP131DAE7, STM32MP131DAF7, STM32MP131DAG7, STM32MP131FAE7, STM32MP131FAF7, STM32MP131FAG7, STM32MP133AAE3, STM32MP133AAF3, STM32MP133AAG3, STM32MP133CAE3, STM32MP133CAF3, STM32MP133CAG3, STM32MP133DAE7, STM32MP133DAF7, STM32MP133DAG7, STM32MP133FAE7, STM32MP133FAF7, STM32MP133FAG7, STM32MP135AAE3, STM32MP135AAF3, STM32MP135AAG3, STM32MP135CAE3, STM32MP135CAF3, STM32MP135CAG3, STM32MP135DAE7, STM32MP135DAF7, STM32MP135DAG7, STM32MP135F-DK, STM32MP135FAE7, STM32MP135FAF7, STM32MP135FAF7T, STM32MP135FAF7U, STM32MP135FAG7, STM32U535CBT6, STM32U535CBT6Q, STM32U535CBU6, STM32U535CBU6Q, STM32U535CCT6, STM32U535CCT6Q, STM32U535CCU6, STM32U535CCU6Q, STM32U535CET6, STM32U535CET6Q, STM32U535CEU6, STM32U535CEU6Q, STM32U535JEY6QTR, STM32U535NCY6QTR, STM32U535NEY6QTR, STM32U535RBI6, STM32U535RBI6Q, STM32U535RBT6, STM32U535RBT6Q, STM32U535RCI6, STM32U535RCI6Q, STM32U535RCT6, STM32U535RCT6Q, STM32U535REI6, STM32U535REI6Q, STM32U535RET6, STM32U535RET6Q, STM32U535VCI6, STM32U535VCI6Q, STM32U535VCT6, STM32U535VCT6Q, STM32U535VEI6, STM32U535VEI6Q, STM32U535VET6, STM32U535VET6Q, STM32U545CET6, STM32U545CET6Q, STM32U545CEU6, STM32U545CEU6Q, STM32U545JEY6QTR, STM32U545NEY6QTR, STM32U545REI6, STM32U545REI6Q, STM32U545RET6, STM32U545RET6Q, STM32U545VEI6, STM32U545VEI6Q, STM32U545VET6, STM32U545VET6Q, STM32U595AIH6, STM32U595AIH6Q, STM32U595AJH6, STM32U595AJH6Q, STM32U595QII6, STM32U595QII6Q, STM32U595QJI6, STM32U595QJI6Q, STM32U595RIT6, STM32U595RIT6Q, STM32U595RJT6, STM32U595RJT6Q, STM32U595VIT6, STM32U595VIT6Q, STM32U595VJT6, STM32U595VJT6Q, STM32U595ZIT6, STM32U595ZIT6Q, STM32U595ZIY6QTR, STM32U595ZJT6, STM32U595ZJT6Q, STM32U595ZJY6QTR, STM32U599BJY6QTR, STM32U599NIH6Q, STM32U599NJH6Q, STM32U599VIT6Q, STM32U599VJT6, STM32U599VJT6Q, STM32U599ZIT6Q, STM32U599ZIY6QTR, STM32U599ZJT6Q, STM32U599ZJY6QTR, STM32U5A5AJH6, STM32U5A5AJH6Q, STM32U5A5QJI6, STM32U5A5QJI6Q, STM32U5A5RJT6, STM32U5A5RJT6Q, STM32U5A5VJT6, STM32U5A5VJT6Q, STM32U5A5ZJT6, STM32U5A5ZJT6Q, STM32U5A5ZJY6QTR, STM32U5A9BJY6QTR, STM32U5A9J-DK, STM32U5A9NJH6Q, STM32U5A9VJT6Q, STM32U5A9ZJT6Q, STM32U5A9ZJY6QTR, STM32WB1MMCH6, STM32WBA52CEU6, STM32WBA52CEU6T, STM32WBA52CGU6, STM32WBA52CGU6T, STM32WL5MOCH6, STM32WL5MOCH6TR]
2024-03-18 14:33:24,351 [INFO] DbMcus:216 - Found 3772 MCUs, 3772 are supported
2024-03-18 14:33:24,351 [INFO] ApiDb:414 - User favorites file not found: C:\Users\marcus/.stm32cubeide/favorites.mcus.txt
2024-03-18 14:33:24,351 [INFO] DbMcus:222 - Set 0 / 0 favorites MCUs
2024-03-18 14:33:24,850 [WARN] ThirdParty:833 - waiting for thirdparty lock release [change project]
2024-03-18 14:33:24,850 [INFO] ThirdParty:835 - entering critical section [change project]
2024-03-18 14:33:24,850 [INFO] ThirdParty:1030 - CMSIS Pack Vendor :STMicroelectronics X-CUBE-ISPU 1.1.0
2024-03-18 14:33:24,850 [INFO] ThirdParty:1030 - CMSIS Pack Vendor :STMicroelectronics X-CUBE-GNSS1 6.0.0
2024-03-18 14:33:24,850 [INFO] ThirdParty:1030 - CMSIS Pack Vendor :STMicroelectronics USB_HOST 2.0.0
2024-03-18 14:33:24,850 [INFO] ThirdParty:1030 - CMSIS Pack Vendor :STMicroelectronics X-CUBE-AZRTOS-F4 1.1.0
2024-03-18 14:33:24,850 [INFO] ThirdParty:1030 - CMSIS Pack Vendor :STMicroelectronics LIBJPEG 8.0.0
2024-03-18 14:33:24,850 [INFO] ThirdParty:1030 - CMSIS Pack Vendor :STMicroelectronics X-CUBE-SMBUS 2.1.0
2024-03-18 14:33:24,850 [INFO] ThirdParty:1030 - CMSIS Pack Vendor :wolfSSL I-CUBE-wolfSSL 5.6.0
2024-03-18 14:33:24,850 [INFO] ThirdParty:1030 - CMSIS Pack Vendor :STMicroelectronics USB_DEVICE 3.0.0
2024-03-18 14:33:24,850 [INFO] ThirdParty:1030 - CMSIS Pack Vendor :STMicroelectronics X-CUBE-AI 8.0.0
2024-03-18 14:33:24,850 [INFO] ThirdParty:1030 - CMSIS Pack Vendor :STMicroelectronics X-CUBE-AZRTOS-WB 2.0.0
2024-03-18 14:33:24,850 [INFO] ThirdParty:1030 - CMSIS Pack Vendor :STMicroelectronics X-CUBE-FREERTOS 1.0.0
2024-03-18 14:33:24,850 [INFO] ThirdParty:1030 - CMSIS Pack Vendor :STMicroelectronics X-CUBE-TOUCHGFX 4.21.3
2024-03-18 14:33:24,850 [INFO] ThirdParty:1030 - CMSIS Pack Vendor :STMicroelectronics X-CUBE-TOUCHGFX 4.23.0
2024-03-18 14:33:24,850 [INFO] ThirdParty:1030 - CMSIS Pack Vendor :STMicroelectronics X-CUBE-AZRTOS-F7 1.1.0
2024-03-18 14:33:24,850 [INFO] ThirdParty:1030 - CMSIS Pack Vendor :STMicroelectronics X-CUBE-AZRTOS-L5 2.0.0
2024-03-18 14:33:24,850 [INFO] ThirdParty:1030 - CMSIS Pack Vendor :STMicroelectronics USB_DEVICE 2.0.0
2024-03-18 14:33:24,850 [INFO] ThirdParty:1030 - CMSIS Pack Vendor :ITTIA_DB I-CUBE-ITTIADB 8.8.0
2024-03-18 14:33:24,850 [INFO] ThirdParty:1030 - CMSIS Pack Vendor :STMicroelectronics FP-SNS-MOTENV1 4.3.2
2024-03-18 14:33:24,850 [INFO] ThirdParty:1030 - CMSIS Pack Vendor :STMicroelectronics X-CUBE-ALGOBUILD 1.3.0
2024-03-18 14:33:24,850 [INFO] ThirdParty:1030 - CMSIS Pack Vendor :STMicroelectronics X-CUBE-BLE1 6.2.4
2024-03-18 14:33:24,850 [INFO] ThirdParty:1030 - CMSIS Pack Vendor :STMicroelectronics X-CUBE-AZRTOS-L5 1.1.0
2024-03-18 14:33:24,850 [INFO] ThirdParty:1030 - CMSIS Pack Vendor :STMicroelectronics FreeRTOS 0.0.1
2024-03-18 14:33:24,850 [INFO] ThirdParty:1030 - CMSIS Pack Vendor :STMicroelectronics X-CUBE-AZRTOS-G0 1.1.0
2024-03-18 14:33:24,850 [INFO] ThirdParty:1030 - CMSIS Pack Vendor :emotas I-CUBE-CANOPEN 1.1.3
2024-03-18 14:33:24,850 [INFO] ThirdParty:1030 - CMSIS Pack Vendor :STMicroelectronics X-CUBE-BLEMGR 2.0.0
2024-03-18 14:33:24,850 [INFO] ThirdParty:1030 - CMSIS Pack Vendor :STMicroelectronics X-CUBE-NFC4 3.0.0
2024-03-18 14:33:24,850 [INFO] ThirdParty:1030 - CMSIS Pack Vendor :STMicroelectronics X-CUBE-SUBG2 5.0.0
2024-03-18 14:33:24,850 [INFO] ThirdParty:1030 - CMSIS Pack Vendor :STMicroelectronics STM32_WPAN 1.0.0
2024-03-18 14:33:24,850 [INFO] ThirdParty:1030 - CMSIS Pack Vendor :STMicroelectronics lwIP 2.0.3
2024-03-18 14:33:24,850 [INFO] ThirdParty:1030 - CMSIS Pack Vendor :STMicroelectronics FP-SNS-FLIGHT1 5.0.2
2024-03-18 14:33:24,850 [INFO] ThirdParty:1030 - CMSIS Pack Vendor :STMicroelectronics USB_HOST 1.0.0
2024-03-18 14:33:24,850 [INFO] ThirdParty:1030 - CMSIS Pack Vendor :STMicroelectronics X-CUBE-AZRTOS-G4 2.0.0
2024-03-18 14:33:24,850 [INFO] ThirdParty:1030 - CMSIS Pack Vendor :STMicroelectronics PDM2PCM 3.1.0
2024-03-18 14:33:24,850 [INFO] ThirdParty:1030 - CMSIS Pack Vendor :STMicroelectronics X-CUBE-TOF1 3.3.0
2024-03-18 14:33:24,850 [INFO] ThirdParty:1030 - CMSIS Pack Vendor :STMicroelectronics FP-ATR-ASTRA1 1.1.1
2024-03-18 14:33:24,850 [INFO] ThirdParty:1030 - CMSIS Pack Vendor :Infineon AIROC-Wi-Fi-Bluetooth-STM32 1.5.1
2024-03-18 14:33:24,850 [INFO] ThirdParty:1030 - CMSIS Pack Vendor :STMicroelectronics X-CUBE-BLEMGR 3.0.0
2024-03-18 14:33:24,850 [INFO] ThirdParty:1030 - CMSIS Pack Vendor :STMicroelectronics PDM2PCM 3.3.0
2024-03-18 14:33:24,850 [INFO] ThirdParty:1030 - CMSIS Pack Vendor :STMicroelectronics X-CUBE-DISPLAY 3.0.0
2024-03-18 14:33:24,850 [INFO] ThirdParty:1030 - CMSIS Pack Vendor :STMicroelectronics FP-SNS-MOTENVWB1 1.3.1
2024-03-18 14:33:24,850 [INFO] ThirdParty:1030 - CMSIS Pack Vendor :STMicroelectronics X-CUBE-BLE1 7.0.0
2024-03-18 14:33:24,850 [INFO] ThirdParty:1030 - CMSIS Pack Vendor :STMicroelectronics FP-ATR-SIGFOX1 3.2.0
2024-03-18 14:33:24,850 [INFO] ThirdParty:1030 - CMSIS Pack Vendor :STMicroelectronics X-CUBE-AZRTOS-G4 1.0.0
2024-03-18 14:33:24,850 [INFO] ThirdParty:1030 - CMSIS Pack Vendor :STMicroelectronics X-CUBE-AZRTOS-L4 1.0.0
2024-03-18 14:33:24,850 [INFO] ThirdParty:1030 - CMSIS Pack Vendor :STMicroelectronics X-CUBE-ISPU 2.0.0
2024-03-18 14:33:24,850 [INFO] ThirdParty:1030 - CMSIS Pack Vendor :STMicroelectronics X-CUBE-EEPRMA1 5.1.0
2024-03-18 14:33:24,850 [INFO] ThirdParty:1030 - CMSIS Pack Vendor :STMicroelectronics HAL Drivers 0.0.0
2024-03-18 14:33:24,850 [INFO] ThirdParty:1030 - CMSIS Pack Vendor :STMicroelectronics MBEDTLS 2.16.2
2024-03-18 14:33:24,850 [INFO] ThirdParty:1030 - CMSIS Pack Vendor :STMicroelectronics X-CUBE-MEMS1 10.0.0
2024-03-18 14:33:24,850 [INFO] ThirdParty:1030 - CMSIS Pack Vendor :STMicroelectronics X-CUBE-FREERTOS 1.1.0
2024-03-18 14:33:24,850 [INFO] ThirdParty:1030 - CMSIS Pack Vendor :STMicroelectronics X-CUBE-NFC7 1.0.1
2024-03-18 14:33:24,850 [INFO] ThirdParty:1030 - CMSIS Pack Vendor :STMicroelectronics MBEDTLS 2.14.1
2024-03-18 14:33:24,850 [INFO] ThirdParty:1030 - CMSIS Pack Vendor :STMicroelectronics X-CUBE-NFC7 1.0.0
2024-03-18 14:33:24,850 [INFO] ThirdParty:1030 - CMSIS Pack Vendor :STMicroelectronics X-CUBE-AZRTOS-WL 1.0.0
2024-03-18 14:33:24,850 [INFO] ThirdParty:1030 - CMSIS Pack Vendor :STMicroelectronics X-CUBE-NFC6 3.0.0
2024-03-18 14:33:24,850 [INFO] ThirdParty:1030 - CMSIS Pack Vendor :STMicroelectronics X-CUBE-EEPRMA1 4.1.0
2024-03-18 14:33:24,850 [INFO] ThirdParty:1030 - CMSIS Pack Vendor :portGmbH I-Cube-SoM-uGOAL 1.1.0
2024-03-18 14:33:24,850 [INFO] ThirdParty:1030 - CMSIS Pack Vendor :STMicroelectronics X-CUBE-ALS 1.0.1
2024-03-18 14:33:24,850 [INFO] ThirdParty:1030 - CMSIS Pack Vendor :STMicroelectronics X-CUBE-MEMS1 9.5.0
2024-03-18 14:33:24,850 [INFO] ThirdParty:1030 - CMSIS Pack Vendor :STMicroelectronics X-CUBE-BLEMGR 3.1.0
2024-03-18 14:33:24,850 [INFO] ThirdParty:1030 - CMSIS Pack Vendor :STMicroelectronics ThreadX 1.0.0
2024-03-18 14:33:24,850 [INFO] ThirdParty:1030 - CMSIS Pack Vendor :STMicroelectronics FP-SNS-SMARTAG2 1.2.0
2024-03-18 14:33:24,850 [INFO] ThirdParty:1030 - CMSIS Pack Vendor :STMicroelectronics X-CUBE-AZRTOS-WB 1.1.0
2024-03-18 14:33:24,850 [INFO] ThirdParty:1030 - CMSIS Pack Vendor :STMicroelectronics X-CUBE-AZRTOS-WL 2.0.0
2024-03-18 14:33:24,850 [INFO] ThirdParty:1030 - CMSIS Pack Vendor :SEGGER I-CUBE-embOS 1.3.1
2024-03-18 14:33:24,850 [INFO] ThirdParty:1030 - CMSIS Pack Vendor :STMicroelectronics USB_DEVICE 1.0.0
2024-03-18 14:33:24,850 [INFO] ThirdParty:1030 - CMSIS Pack Vendor :STMicroelectronics X-CUBE-AI 8.1.0
2024-03-18 14:33:24,850 [INFO] ThirdParty:1030 - CMSIS Pack Vendor :STMicroelectronics X-CUBE-AZRTOS-L4 2.0.0
2024-03-18 14:33:24,850 [INFO] ThirdParty:1030 - CMSIS Pack Vendor :STMicroelectronics ThreadX 0.0.2
2024-03-18 14:33:24,850 [INFO] ThirdParty:1030 - CMSIS Pack Vendor :WES I-CUBE-Cesium 1.3.0
2024-03-18 14:33:24,850 [INFO] ThirdParty:1030 - CMSIS Pack Vendor :STMicroelectronics FP-ATR-ASTRA1 2.0.0
2024-03-18 14:33:24,850 [INFO] ThirdParty:1030 - CMSIS Pack Vendor :STMicroelectronics lwIP 2.1.2
2024-03-18 14:33:24,850 [INFO] ThirdParty:1030 - CMSIS Pack Vendor :STMicroelectronics X-CUBE-SFXS2LP1 4.0.0
2024-03-18 14:33:24,850 [INFO] ThirdParty:1030 - CMSIS Pack Vendor :STMicroelectronics X-CUBE-BLE2 3.3.0
2024-03-18 14:33:24,850 [INFO] ThirdParty:1030 - CMSIS Pack Vendor :STMicroelectronics X-CUBE-TOF1 3.4.0
2024-03-18 14:33:24,850 [INFO] ThirdParty:1030 - CMSIS Pack Vendor :STMicroelectronics X-CUBE-TOF1 3.4.1
2024-03-18 14:33:24,850 [INFO] ThirdParty:1030 - CMSIS Pack Vendor :STMicroelectronics X-CUBE-AZRTOS-H7 3.2.0
2024-03-18 14:33:24,850 [INFO] ThirdParty:1030 - CMSIS Pack Vendor :STMicroelectronics PDM2PCM 3.2.0
2024-03-18 14:33:24,850 [INFO] ThirdParty:1030 - CMSIS Pack Vendor :STMicroelectronics X-CUBE-AZRTOS-H7 3.0.0
2024-03-18 14:33:24,850 [INFO] ThirdParty:841 - exiting critical section [change project]
2024-03-18 14:33:25,231 [INFO] PinOutPanel:1499 - setPackage(No Configuration,No Configuration)
2024-03-18 14:33:25,231 [INFO] PinOutPanel:1499 - setPackage(STM32L011K4Ux,UFQFPN32)
2024-03-18 14:33:27,860 [INFO] UtilMem:75 - Before build in PCC Used Memory: 536390216 Bytes (577765376)
2024-03-18 14:33:32,074 [INFO] UtilMem:75 - After build in PCC Used Memory: 540227696 Bytes (577765376)
2024-03-18 14:33:32,164 [INFO] IPUIPlugin:80 - create IPUIPlugin
2024-03-18 14:33:32,164 [INFO] IPUIPlugin:80 - create IPUIPlugin
2024-03-18 14:33:32,164 [INFO] IPUIPlugin:80 - create IPUIPlugin
2024-03-18 14:33:32,164 [INFO] IPUIPlugin:80 - create IPUIPlugin
2024-03-18 14:33:32,164 [INFO] IPUIPlugin:80 - create IPUIPlugin
2024-03-18 14:33:32,164 [INFO] IPUIPlugin:80 - create IPUIPlugin
2024-03-18 14:33:32,164 [INFO] IPUIPlugin:80 - create IPUIPlugin
2024-03-18 14:33:32,164 [INFO] IPUIPlugin:80 - create IPUIPlugin
2024-03-18 14:33:32,164 [INFO] IPUIPlugin:80 - create IPUIPlugin
2024-03-18 14:33:32,174 [INFO] IPUIPlugin:80 - create IPUIPlugin
2024-03-18 14:33:32,175 [INFO] IPUIPlugin:80 - create IPUIPlugin
2024-03-18 14:33:32,176 [INFO] IPUIPlugin:80 - create IPUIPlugin
2024-03-18 14:33:32,176 [INFO] IPUIPlugin:80 - create IPUIPlugin
2024-03-18 14:33:32,176 [INFO] IPUIPlugin:80 - create IPUIPlugin
2024-03-18 14:33:32,176 [INFO] IPUIPlugin:80 - create IPUIPlugin
2024-03-18 14:33:32,182 [INFO] IPUIPlugin:80 - create IPUIPlugin
2024-03-18 14:33:32,182 [INFO] IPUIPlugin:80 - create IPUIPlugin
2024-03-18 14:33:32,182 [INFO] IPUIPlugin:80 - create IPUIPlugin
2024-03-18 14:33:32,182 [INFO] IPUIPlugin:80 - create IPUIPlugin
2024-03-18 14:33:32,182 [INFO] IPUIPlugin:80 - create IPUIPlugin
2024-03-18 14:33:32,190 [INFO] IPUIPlugin:80 - create IPUIPlugin
2024-03-18 14:33:32,921 [INFO] CADModel:165 - CPN selected for project levelSTM32L011K4U3
2024-03-18 14:33:32,921 [INFO] CADModel:114 - Register for checkConnection events
2024-03-18 14:33:33,049 [INFO] OpenFileManager:328 - Restore cursor
2024-03-18 15:51:17,555 [INFO] UtilMem:75 - End SaveConfig() Used Memory: 563237992 Bytes (651165696)
2024-03-18 15:51:19,444 [INFO] UtilMem:75 - End SaveConfig() Used Memory: 558137048 Bytes (651165696)
2024-03-18 15:51:19,630 [INFO] UtilMem:75 - End SaveConfig() Used Memory: 563698840 Bytes (651165696)
2024-03-18 15:51:20,670 [INFO] BlockDiagram:2759 - set Specific Code input for plugin: SPI
2024-03-18 15:51:20,670 [INFO] BlockDiagram:2759 - set Specific Code input for plugin: NVIC
2024-03-18 15:51:20,678 [INFO] BlockDiagram:2759 - set Specific Code input for plugin: SYS
2024-03-18 15:51:20,679 [INFO] BlockDiagram:2759 - set Specific Code input for plugin: GPIO
2024-03-18 15:51:20,679 [INFO] BlockDiagram:2759 - set Specific Code input for plugin: RCC
2024-03-18 15:51:20,679 [INFO] BlockDiagram:2759 - set Specific Code input for plugin: DMA
2024-03-18 15:51:20,679 [INFO] BlockDiagram:2759 - set Specific Code input for plugin: TIM1_8L0
2024-03-18 15:51:20,679 [INFO] CodeGenerator:793 - code generatio: config db path: C:/Users/marcus/.stm32cubemx/databases/DB.6.0.30/db/
2024-03-18 15:51:21,366 [INFO] CodeEngine:255 - oldGeneratedFile, C:\Users\Marcus\Documents\GitHub\CRS_uC\CRS RC Car uC UFQ 32-pin\MXTmpFiles\license.tmp_save
2024-03-18 15:51:22,334 [INFO] CodeEngine:279 - Generated code: C:\Users\Marcus\Documents\GitHub\CRS_uC\CRS RC Car uC UFQ 32-pin\MXTmpFiles\license.tmp
2024-03-18 15:51:22,586 [INFO] CodeEngine:255 - oldGeneratedFile, C:\Users\Marcus\Documents\GitHub\CRS_uC\CRS RC Car uC UFQ 32-pin\MXTmpFiles\gpio.tmp_save
2024-03-18 15:51:22,823 [INFO] CodeEngine:279 - Generated code: C:\Users\Marcus\Documents\GitHub\CRS_uC\CRS RC Car uC UFQ 32-pin\MXTmpFiles\gpio.tmp
2024-03-18 15:51:23,456 [INFO] CodeEngine:255 - oldGeneratedFile, C:\Users\Marcus\Documents\GitHub\CRS_uC\CRS RC Car uC UFQ 32-pin\MXTmpFiles\dma.tmp_save
2024-03-18 15:51:23,594 [INFO] CodeEngine:279 - Generated code: C:\Users\Marcus\Documents\GitHub\CRS_uC\CRS RC Car uC UFQ 32-pin\MXTmpFiles\dma.tmp
2024-03-18 15:51:23,603 [INFO] CodeEngine:255 - oldGeneratedFile, C:\Users\Marcus\Documents\GitHub\CRS_uC\CRS RC Car uC UFQ 32-pin\MXTmpFiles\dma_GV.tmp_save
2024-03-18 15:51:23,683 [INFO] CodeEngine:279 - Generated code: C:\Users\Marcus\Documents\GitHub\CRS_uC\CRS RC Car uC UFQ 32-pin\MXTmpFiles\dma_GV.tmp
2024-03-18 15:51:23,708 [INFO] CodeEngine:255 - oldGeneratedFile, C:\Users\Marcus\Documents\GitHub\CRS_uC\CRS RC Car uC UFQ 32-pin\Core\Src\stm32l0xx_it.c_save
2024-03-18 15:51:23,952 [INFO] CodeEngine:279 - Generated code: C:\Users\Marcus\Documents\GitHub\CRS_uC\CRS RC Car uC UFQ 32-pin\Core\Src\stm32l0xx_it.c
2024-03-18 15:51:23,985 [INFO] CodeEngine:255 - oldGeneratedFile, C:\Users\Marcus\Documents\GitHub\CRS_uC\CRS RC Car uC UFQ 32-pin\Core\Inc\stm32l0xx_it.h_save
2024-03-18 15:51:24,098 [INFO] CodeEngine:279 - Generated code: C:\Users\Marcus\Documents\GitHub\CRS_uC\CRS RC Car uC UFQ 32-pin\Core\Inc\stm32l0xx_it.h
2024-03-18 15:51:24,139 [INFO] CodeEngine:255 - oldGeneratedFile, C:\Users\Marcus\Documents\GitHub\CRS_uC\CRS RC Car uC UFQ 32-pin\Core\Src\stm32l0xx_hal_msp.c_save
2024-03-18 15:51:24,333 [INFO] CodeEngine:279 - Generated code: C:\Users\Marcus\Documents\GitHub\CRS_uC\CRS RC Car uC UFQ 32-pin\Core\Src\stm32l0xx_hal_msp.c
2024-03-18 15:51:24,342 [INFO] CodeEngine:255 - oldGeneratedFile, C:\Users\Marcus\Documents\GitHub\CRS_uC\CRS RC Car uC UFQ 32-pin\MXTmpFiles\system.tmp_save
2024-03-18 15:51:24,423 [INFO] CodeEngine:279 - Generated code: C:\Users\Marcus\Documents\GitHub\CRS_uC\CRS RC Car uC UFQ 32-pin\MXTmpFiles\system.tmp
2024-03-18 15:51:24,447 [INFO] CodeEngine:311 - oldGeneratedFile, C:\Users\Marcus\Documents\GitHub\CRS_uC\CRS RC Car uC UFQ 32-pin\Core\Inc\stm32l0xx_hal_conf.h_save
2024-03-18 15:51:24,586 [INFO] CodeEngine:335 - Generated code: C:\Users\Marcus\Documents\GitHub\CRS_uC\CRS RC Car uC UFQ 32-pin\Core\Inc\stm32l0xx_hal_conf.h
2024-03-18 15:51:24,724 [WARN] IPConfigManager:3431 - IP not found : TIM
2024-03-18 15:51:24,724 [WARN] CodeGenerator:3754 - IP not found : null
2024-03-18 15:51:24,765 [INFO] CodeEngine:255 - oldGeneratedFile, C:\Users\Marcus\Documents\GitHub\CRS_uC\CRS RC Car uC UFQ 32-pin\Core\Inc\main.h_save
2024-03-18 15:51:25,008 [INFO] CodeEngine:279 - Generated code: C:\Users\Marcus\Documents\GitHub\CRS_uC\CRS RC Car uC UFQ 32-pin\Core\Inc\main.h
2024-03-18 15:51:25,048 [INFO] CodeEngine:255 - oldGeneratedFile, C:\Users\Marcus\Documents\GitHub\CRS_uC\CRS RC Car uC UFQ 32-pin\Core\Src\main.c_save
2024-03-18 15:51:25,235 [INFO] CodeEngine:279 - Generated code: C:\Users\Marcus\Documents\GitHub\CRS_uC\CRS RC Car uC UFQ 32-pin\Core\Src\main.c
2024-03-18 15:51:26,268 [INFO] ProjectBuilder:2996 - Time for Copy HAL[1] : 90mS.
2024-03-18 15:51:26,286 [INFO] ProjectBuilder:4304 - Project Generator version: 3.19.2
2024-03-18 15:51:26,701 [INFO] ConfigFileManager:1483 - The Die is : DIE457
2024-03-18 15:51:26,849 [INFO] ApiDbMcu:507 - Load IP Config File for FATFS
2024-03-18 15:51:26,871 [INFO] ApiDbMcu:507 - Load IP Config File for FREERTOS
2024-03-18 15:51:28,107 [INFO] LogOutputStream:77 - [STDOUT_REDIRECT] 
2024-03-18 15:51:29,997 [INFO] ProjectBuilder:4505 - Time for Generating toolchain IDE Files: 3703mS.
2024-03-18 15:51:29,997 [INFO] ProjectBuilder:2867 - Time for Copy CMSIS : 0mS.
2024-03-18 15:51:30,006 [INFO] ProjectBuilder:2867 - Time for Copy CMSIS : 0mS.
2024-03-18 16:09:39,033 [INFO] UtilMem:75 - End SaveConfig() Used Memory: 869236216 Bytes (924844032)
2024-03-18 16:09:41,594 [INFO] UtilMem:75 - End SaveConfig() Used Memory: 884793264 Bytes (924844032)
2024-03-18 16:09:41,768 [INFO] UtilMem:75 - End SaveConfig() Used Memory: 724824760 Bytes (924844032)
2024-03-18 16:09:41,965 [INFO] BlockDiagram:2759 - set Specific Code input for plugin: SPI
2024-03-18 16:09:41,965 [INFO] BlockDiagram:2759 - set Specific Code input for plugin: NVIC
2024-03-18 16:09:41,965 [INFO] BlockDiagram:2759 - set Specific Code input for plugin: SYS
2024-03-18 16:09:41,965 [INFO] BlockDiagram:2759 - set Specific Code input for plugin: GPIO
2024-03-18 16:09:41,973 [INFO] BlockDiagram:2759 - set Specific Code input for plugin: RCC
2024-03-18 16:09:41,973 [INFO] BlockDiagram:2759 - set Specific Code input for plugin: DMA
2024-03-18 16:09:41,973 [INFO] BlockDiagram:2759 - set Specific Code input for plugin: TIM1_8L0
2024-03-18 16:09:41,974 [INFO] CodeGenerator:793 - code generatio: config db path: C:/Users/marcus/.stm32cubemx/databases/DB.6.0.30/db/
2024-03-18 16:09:41,974 [INFO] Argument:319 - Argument : hdmavalue: null
2024-03-18 16:09:41,974 [INFO] Argument:321 - 	 sub Args: 
2024-03-18 16:09:41,974 [INFO] Argument:319 - Argument : Instancevalue: DMA1_Channel3
2024-03-18 16:09:41,974 [INFO] Argument:329 - Argument : Instancevalue: DMA1_Channel3
2024-03-18 16:09:41,974 [INFO] Argument:319 - Argument : Initvalue: null
2024-03-18 16:09:41,974 [INFO] Argument:321 - 	 sub Args: 
2024-03-18 16:09:41,974 [INFO] Argument:319 - Argument : Requestvalue: DMA_REQUEST_1
2024-03-18 16:09:41,974 [INFO] Argument:329 - Argument : Requestvalue: DMA_REQUEST_1
2024-03-18 16:09:41,974 [INFO] Argument:319 - Argument : Directionvalue: DMA_MEMORY_TO_PERIPH
2024-03-18 16:09:41,974 [INFO] Argument:329 - Argument : Directionvalue: DMA_MEMORY_TO_PERIPH
2024-03-18 16:09:41,974 [INFO] Argument:319 - Argument : PeriphIncvalue: DMA_PINC_DISABLE
2024-03-18 16:09:41,974 [INFO] Argument:329 - Argument : PeriphIncvalue: DMA_PINC_DISABLE
2024-03-18 16:09:41,974 [INFO] Argument:319 - Argument : MemIncvalue: DMA_MINC_ENABLE
2024-03-18 16:09:41,974 [INFO] Argument:329 - Argument : MemIncvalue: DMA_MINC_ENABLE
2024-03-18 16:09:41,974 [INFO] Argument:319 - Argument : PeriphDataAlignmentvalue: DMA_PDATAALIGN_BYTE
2024-03-18 16:09:41,974 [INFO] Argument:329 - Argument : PeriphDataAlignmentvalue: DMA_PDATAALIGN_BYTE
2024-03-18 16:09:41,974 [INFO] Argument:319 - Argument : MemDataAlignmentvalue: DMA_MDATAALIGN_BYTE
2024-03-18 16:09:41,974 [INFO] Argument:329 - Argument : MemDataAlignmentvalue: DMA_MDATAALIGN_BYTE
2024-03-18 16:09:41,974 [INFO] Argument:319 - Argument : Modevalue: DMA_NORMAL
2024-03-18 16:09:41,989 [INFO] Argument:329 - Argument : Modevalue: DMA_NORMAL
2024-03-18 16:09:41,989 [INFO] Argument:319 - Argument : Priorityvalue: DMA_PRIORITY_LOW
2024-03-18 16:09:41,989 [INFO] Argument:329 - Argument : Priorityvalue: DMA_PRIORITY_LOW
2024-03-18 16:09:41,989 [INFO] Argument:319 - Argument : Lockvalue: null
2024-03-18 16:09:41,989 [INFO] Argument:329 - Argument : Lockvalue: null
2024-03-18 16:09:41,989 [INFO] Argument:319 - Argument : Statevalue: null
2024-03-18 16:09:41,989 [INFO] Argument:329 - Argument : Statevalue: null
2024-03-18 16:09:41,989 [INFO] Argument:319 - Argument : Parentvalue: null
2024-03-18 16:09:41,989 [INFO] Argument:329 - Argument : Parentvalue: null
2024-03-18 16:09:41,989 [INFO] Argument:319 - Argument : XferCpltCallbackvalue: null
2024-03-18 16:09:41,989 [INFO] Argument:329 - Argument : XferCpltCallbackvalue: null
2024-03-18 16:09:41,989 [INFO] Argument:319 - Argument : XferHalfCpltCallbackvalue: null
2024-03-18 16:09:41,989 [INFO] Argument:329 - Argument : XferHalfCpltCallbackvalue: null
2024-03-18 16:09:41,989 [INFO] Argument:319 - Argument : XferErrorCallbackvalue: null
2024-03-18 16:09:41,989 [INFO] Argument:329 - Argument : XferErrorCallbackvalue: null
2024-03-18 16:09:41,990 [INFO] Argument:319 - Argument : ErrorCodevalue: null
2024-03-18 16:09:41,990 [INFO] Argument:329 - Argument : ErrorCodevalue: null
2024-03-18 16:09:42,148 [INFO] CodeEngine:255 - oldGeneratedFile, C:\Users\Marcus\Documents\GitHub\CRS_uC\CRS RC Car uC UFQ 32-pin\MXTmpFiles\license.tmp_save
2024-03-18 16:09:42,450 [INFO] CodeEngine:279 - Generated code: C:\Users\Marcus\Documents\GitHub\CRS_uC\CRS RC Car uC UFQ 32-pin\MXTmpFiles\license.tmp
2024-03-18 16:09:42,542 [INFO] CodeEngine:255 - oldGeneratedFile, C:\Users\Marcus\Documents\GitHub\CRS_uC\CRS RC Car uC UFQ 32-pin\MXTmpFiles\gpio.tmp_save
2024-03-18 16:09:42,621 [INFO] CodeEngine:279 - Generated code: C:\Users\Marcus\Documents\GitHub\CRS_uC\CRS RC Car uC UFQ 32-pin\MXTmpFiles\gpio.tmp
2024-03-18 16:09:42,746 [INFO] CodeEngine:255 - oldGeneratedFile, C:\Users\Marcus\Documents\GitHub\CRS_uC\CRS RC Car uC UFQ 32-pin\MXTmpFiles\dma.tmp_save
2024-03-18 16:09:42,825 [INFO] CodeEngine:279 - Generated code: C:\Users\Marcus\Documents\GitHub\CRS_uC\CRS RC Car uC UFQ 32-pin\MXTmpFiles\dma.tmp
2024-03-18 16:09:42,825 [INFO] CodeEngine:255 - oldGeneratedFile, C:\Users\Marcus\Documents\GitHub\CRS_uC\CRS RC Car uC UFQ 32-pin\MXTmpFiles\dma_GV.tmp_save
2024-03-18 16:09:42,884 [INFO] CodeEngine:279 - Generated code: C:\Users\Marcus\Documents\GitHub\CRS_uC\CRS RC Car uC UFQ 32-pin\MXTmpFiles\dma_GV.tmp
2024-03-18 16:09:42,903 [INFO] CodeEngine:255 - oldGeneratedFile, C:\Users\Marcus\Documents\GitHub\CRS_uC\CRS RC Car uC UFQ 32-pin\Core\Src\stm32l0xx_it.c_save
2024-03-18 16:09:43,123 [INFO] CodeEngine:279 - Generated code: C:\Users\Marcus\Documents\GitHub\CRS_uC\CRS RC Car uC UFQ 32-pin\Core\Src\stm32l0xx_it.c
2024-03-18 16:09:43,139 [INFO] CodeEngine:255 - oldGeneratedFile, C:\Users\Marcus\Documents\GitHub\CRS_uC\CRS RC Car uC UFQ 32-pin\Core\Inc\stm32l0xx_it.h_save
2024-03-18 16:09:43,202 [INFO] CodeEngine:279 - Generated code: C:\Users\Marcus\Documents\GitHub\CRS_uC\CRS RC Car uC UFQ 32-pin\Core\Inc\stm32l0xx_it.h
2024-03-18 16:09:43,233 [INFO] CodeEngine:255 - oldGeneratedFile, C:\Users\Marcus\Documents\GitHub\CRS_uC\CRS RC Car uC UFQ 32-pin\Core\Src\stm32l0xx_hal_msp.c_save
2024-03-18 16:09:43,374 [INFO] CodeEngine:279 - Generated code: C:\Users\Marcus\Documents\GitHub\CRS_uC\CRS RC Car uC UFQ 32-pin\Core\Src\stm32l0xx_hal_msp.c
2024-03-18 16:09:43,389 [INFO] CodeEngine:255 - oldGeneratedFile, C:\Users\Marcus\Documents\GitHub\CRS_uC\CRS RC Car uC UFQ 32-pin\MXTmpFiles\system.tmp_save
2024-03-18 16:09:43,468 [INFO] CodeEngine:279 - Generated code: C:\Users\Marcus\Documents\GitHub\CRS_uC\CRS RC Car uC UFQ 32-pin\MXTmpFiles\system.tmp
2024-03-18 16:09:43,500 [INFO] CodeEngine:311 - oldGeneratedFile, C:\Users\Marcus\Documents\GitHub\CRS_uC\CRS RC Car uC UFQ 32-pin\Core\Inc\stm32l0xx_hal_conf.h_save
2024-03-18 16:09:43,704 [INFO] CodeEngine:335 - Generated code: C:\Users\Marcus\Documents\GitHub\CRS_uC\CRS RC Car uC UFQ 32-pin\Core\Inc\stm32l0xx_hal_conf.h
2024-03-18 16:09:43,751 [WARN] IPConfigManager:3431 - IP not found : TIM
2024-03-18 16:09:43,767 [WARN] CodeGenerator:3754 - IP not found : null
2024-03-18 16:09:43,792 [INFO] CodeEngine:255 - oldGeneratedFile, C:\Users\Marcus\Documents\GitHub\CRS_uC\CRS RC Car uC UFQ 32-pin\Core\Inc\main.h_save
2024-03-18 16:09:43,926 [INFO] CodeEngine:279 - Generated code: C:\Users\Marcus\Documents\GitHub\CRS_uC\CRS RC Car uC UFQ 32-pin\Core\Inc\main.h
2024-03-18 16:09:43,958 [INFO] CodeEngine:255 - oldGeneratedFile, C:\Users\Marcus\Documents\GitHub\CRS_uC\CRS RC Car uC UFQ 32-pin\Core\Src\main.c_save
2024-03-18 16:09:44,112 [INFO] CodeEngine:279 - Generated code: C:\Users\Marcus\Documents\GitHub\CRS_uC\CRS RC Car uC UFQ 32-pin\Core\Src\main.c
2024-03-18 16:09:44,694 [INFO] ProjectBuilder:2996 - Time for Copy HAL[1] : 188mS.
2024-03-18 16:09:44,694 [INFO] ProjectBuilder:4304 - Project Generator version: 3.19.2
2024-03-18 16:09:45,025 [INFO] ConfigFileManager:1483 - The Die is : DIE457
2024-03-18 16:09:46,818 [INFO] ProjectBuilder:4505 - Time for Generating toolchain IDE Files: 2124mS.
2024-03-18 16:09:46,818 [INFO] ProjectBuilder:2867 - Time for Copy CMSIS : 0mS.
2024-03-18 16:09:46,818 [INFO] ProjectBuilder:2867 - Time for Copy CMSIS : 0mS.
